ERROR - 2022-09-21 07:20:32 --> Error connecting to the database: mysqli_sql_exception: Unknown database 'api_db' in C:\Users\Aluno\API-Alunos-CodeIgniter\system\Database\MySQLi\Connection.php:171
Stack trace:
#0 C:\Users\Aluno\API-Alunos-CodeIgniter\system\Database\MySQLi\Connection.php(171): mysqli->real_connect('localhost', 'root', '', 'api_db', 3306, '', 0)
#1 C:\Users\Aluno\API-Alunos-CodeIgniter\system\Database\BaseConnection.php(382): CodeIgniter\Database\MySQLi\Connection->connect(false)
#2 C:\Users\Aluno\API-Alunos-CodeIgniter\system\Database\BaseConnection.php(588): CodeIgniter\Database\BaseConnection->initialize()
#3 C:\Users\Aluno\API-Alunos-CodeIgniter\system\Database\BaseConnection.php(1380): CodeIgniter\Database\BaseConnection->query('SHOW TABLES FRO...')
#4 C:\Users\Aluno\API-Alunos-CodeIgniter\system\Database\BaseConnection.php(1411): CodeIgniter\Database\BaseConnection->listTables()
#5 C:\Users\Aluno\API-Alunos-CodeIgniter\system\Database\MigrationRunner.php(759): CodeIgniter\Database\BaseConnection->tableExists('migrations')
#6 C:\Users\Aluno\API-Alunos-CodeIgniter\system\Database\MigrationRunner.php(167): CodeIgniter\Database\MigrationRunner->ensureTable()
#7 C:\Users\Aluno\API-Alunos-CodeIgniter\system\Commands\Database\Migrate.php(84): CodeIgniter\Database\MigrationRunner->latest(NULL)
#8 C:\Users\Aluno\API-Alunos-CodeIgniter\system\CLI\Commands.php(63): CodeIgniter\Commands\Database\Migrate->run(Array)
#9 C:\Users\Aluno\API-Alunos-CodeIgniter\system\CLI\CommandRunner.php(65): CodeIgniter\CLI\Commands->run('migrate', Array)
#10 C:\Users\Aluno\API-Alunos-CodeIgniter\system\CLI\CommandRunner.php(51): CodeIgniter\CLI\CommandRunner->index(Array)
#11 C:\Users\Aluno\API-Alunos-CodeIgniter\system\CodeIgniter.php(891): CodeIgniter\CLI\CommandRunner->_remap('index', Array)
#12 C:\Users\Aluno\API-Alunos-CodeIgniter\system\CodeIgniter.php(457): CodeIgniter\CodeIgniter->runController(Object(CodeIgniter\CLI\CommandRunner))
#13 C:\Users\Aluno\API-Alunos-CodeIgniter\system\CodeIgniter.php(336): CodeIgniter\CodeIgniter->handleRequest(NULL, Object(Config\Cache), false)
#14 C:\Users\Aluno\API-Alunos-CodeIgniter\system\CLI\Console.php(48): CodeIgniter\CodeIgniter->run()
#15 C:\Users\Aluno\API-Alunos-CodeIgniter\spark(98): CodeIgniter\CLI\Console->run()
#16 {main}

Next CodeIgniter\Database\Exceptions\DatabaseException: Unknown database 'api_db' in C:\Users\Aluno\API-Alunos-CodeIgniter\system\Database\MySQLi\Connection.php:215
Stack trace:
#0 C:\Users\Aluno\API-Alunos-CodeIgniter\system\Database\BaseConnection.php(382): CodeIgniter\Database\MySQLi\Connection->connect(false)
#1 C:\Users\Aluno\API-Alunos-CodeIgniter\system\Database\BaseConnection.php(588): CodeIgniter\Database\BaseConnection->initialize()
#2 C:\Users\Aluno\API-Alunos-CodeIgniter\system\Database\BaseConnection.php(1380): CodeIgniter\Database\BaseConnection->query('SHOW TABLES FRO...')
#3 C:\Users\Aluno\API-Alunos-CodeIgniter\system\Database\BaseConnection.php(1411): CodeIgniter\Database\BaseConnection->listTables()
#4 C:\Users\Aluno\API-Alunos-CodeIgniter\system\Database\MigrationRunner.php(759): CodeIgniter\Database\BaseConnection->tableExists('migrations')
#5 C:\Users\Aluno\API-Alunos-CodeIgniter\system\Database\MigrationRunner.php(167): CodeIgniter\Database\MigrationRunner->ensureTable()
#6 C:\Users\Aluno\API-Alunos-CodeIgniter\system\Commands\Database\Migrate.php(84): CodeIgniter\Database\MigrationRunner->latest(NULL)
#7 C:\Users\Aluno\API-Alunos-CodeIgniter\system\CLI\Commands.php(63): CodeIgniter\Commands\Database\Migrate->run(Array)
#8 C:\Users\Aluno\API-Alunos-CodeIgniter\system\CLI\CommandRunner.php(65): CodeIgniter\CLI\Commands->run('migrate', Array)
#9 C:\Users\Aluno\API-Alunos-CodeIgniter\system\CLI\CommandRunner.php(51): CodeIgniter\CLI\CommandRunner->index(Array)
#10 C:\Users\Aluno\API-Alunos-CodeIgniter\system\CodeIgniter.php(891): CodeIgniter\CLI\CommandRunner->_remap('index', Array)
#11 C:\Users\Aluno\API-Alunos-CodeIgniter\system\CodeIgniter.php(457): CodeIgniter\CodeIgniter->runController(Object(CodeIgniter\CLI\CommandRunner))
#12 C:\Users\Aluno\API-Alunos-CodeIgniter\system\CodeIgniter.php(336): CodeIgniter\CodeIgniter->handleRequest(NULL, Object(Config\Cache), false)
#13 C:\Users\Aluno\API-Alunos-CodeIgniter\system\CLI\Console.php(48): CodeIgniter\CodeIgniter->run()
#14 C:\Users\Aluno\API-Alunos-CodeIgniter\spark(98): CodeIgniter\CLI\Console->run()
#15 {main}
