CRITICAL - 2022-08-10 12:50:15 --> Unsupported operand types
in APPPATH\Models\AlunosModel.php on line 31.
 1 APPPATH\Controllers\Alunos.php(29): App\Models\AlunosModel->getParametro('3')
 2 SYSTEMPATH\CodeIgniter.php(898): App\Controllers\Alunos->taisAlunos('3')
 3 SYSTEMPATH\CodeIgniter.php(457): CodeIgniter\CodeIgniter->runController(Object(App\Controllers\Alunos))
 4 SYSTEMPATH\CodeIgniter.php(340): CodeIgniter\CodeIgniter->handleRequest(null, Object(Config\Cache), false)
 5 FCPATH\index.php(67): CodeIgniter\CodeIgniter->run()
 6 SYSTEMPATH\Commands\Server\rewrite.php(43): require_once('FCPATH\\index.php')
CRITICAL - 2022-08-10 12:50:15 --> Unsupported operand types
in APPPATH\Models\AlunosModel.php on line 31.
 1 APPPATH\Controllers\Alunos.php(29): App\Models\AlunosModel->getParametro('3')
 2 SYSTEMPATH\CodeIgniter.php(898): App\Controllers\Alunos->taisAlunos('3')
 3 SYSTEMPATH\CodeIgniter.php(457): CodeIgniter\CodeIgniter->runController(Object(App\Controllers\Alunos))
 4 SYSTEMPATH\CodeIgniter.php(340): CodeIgniter\CodeIgniter->handleRequest(null, Object(Config\Cache), false)
 5 FCPATH\index.php(67): CodeIgniter\CodeIgniter->run()
 6 SYSTEMPATH\Commands\Server\rewrite.php(43): require_once('FCPATH\\index.php')
CRITICAL - 2022-08-10 12:50:16 --> Unsupported operand types
in APPPATH\Models\AlunosModel.php on line 31.
 1 APPPATH\Controllers\Alunos.php(29): App\Models\AlunosModel->getParametro('3')
 2 SYSTEMPATH\CodeIgniter.php(898): App\Controllers\Alunos->taisAlunos('3')
 3 SYSTEMPATH\CodeIgniter.php(457): CodeIgniter\CodeIgniter->runController(Object(App\Controllers\Alunos))
 4 SYSTEMPATH\CodeIgniter.php(340): CodeIgniter\CodeIgniter->handleRequest(null, Object(Config\Cache), false)
 5 FCPATH\index.php(67): CodeIgniter\CodeIgniter->run()
 6 SYSTEMPATH\Commands\Server\rewrite.php(43): require_once('FCPATH\\index.php')
CRITICAL - 2022-08-10 12:50:32 --> Unsupported operand types
in APPPATH\Models\AlunosModel.php on line 31.
 1 APPPATH\Controllers\Alunos.php(29): App\Models\AlunosModel->getParametro('3')
 2 SYSTEMPATH\CodeIgniter.php(898): App\Controllers\Alunos->taisAlunos('3')
 3 SYSTEMPATH\CodeIgniter.php(457): CodeIgniter\CodeIgniter->runController(Object(App\Controllers\Alunos))
 4 SYSTEMPATH\CodeIgniter.php(340): CodeIgniter\CodeIgniter->handleRequest(null, Object(Config\Cache), false)
 5 FCPATH\index.php(67): CodeIgniter\CodeIgniter->run()
 6 SYSTEMPATH\Commands\Server\rewrite.php(43): require_once('FCPATH\\index.php')
CRITICAL - 2022-08-10 12:50:32 --> Unsupported operand types
in APPPATH\Models\AlunosModel.php on line 31.
 1 APPPATH\Controllers\Alunos.php(29): App\Models\AlunosModel->getParametro('3')
 2 SYSTEMPATH\CodeIgniter.php(898): App\Controllers\Alunos->taisAlunos('3')
 3 SYSTEMPATH\CodeIgniter.php(457): CodeIgniter\CodeIgniter->runController(Object(App\Controllers\Alunos))
 4 SYSTEMPATH\CodeIgniter.php(340): CodeIgniter\CodeIgniter->handleRequest(null, Object(Config\Cache), false)
 5 FCPATH\index.php(67): CodeIgniter\CodeIgniter->run()
 6 SYSTEMPATH\Commands\Server\rewrite.php(43): require_once('FCPATH\\index.php')
CRITICAL - 2022-08-10 12:50:32 --> Unsupported operand types
in APPPATH\Models\AlunosModel.php on line 31.
 1 APPPATH\Controllers\Alunos.php(29): App\Models\AlunosModel->getParametro('3')
 2 SYSTEMPATH\CodeIgniter.php(898): App\Controllers\Alunos->taisAlunos('3')
 3 SYSTEMPATH\CodeIgniter.php(457): CodeIgniter\CodeIgniter->runController(Object(App\Controllers\Alunos))
 4 SYSTEMPATH\CodeIgniter.php(340): CodeIgniter\CodeIgniter->handleRequest(null, Object(Config\Cache), false)
 5 FCPATH\index.php(67): CodeIgniter\CodeIgniter->run()
 6 SYSTEMPATH\Commands\Server\rewrite.php(43): require_once('FCPATH\\index.php')
CRITICAL - 2022-08-10 12:50:33 --> Unsupported operand types
in APPPATH\Models\AlunosModel.php on line 31.
 1 APPPATH\Controllers\Alunos.php(29): App\Models\AlunosModel->getParametro('3')
 2 SYSTEMPATH\CodeIgniter.php(898): App\Controllers\Alunos->taisAlunos('3')
 3 SYSTEMPATH\CodeIgniter.php(457): CodeIgniter\CodeIgniter->runController(Object(App\Controllers\Alunos))
 4 SYSTEMPATH\CodeIgniter.php(340): CodeIgniter\CodeIgniter->handleRequest(null, Object(Config\Cache), false)
 5 FCPATH\index.php(67): CodeIgniter\CodeIgniter->run()
 6 SYSTEMPATH\Commands\Server\rewrite.php(43): require_once('FCPATH\\index.php')
CRITICAL - 2022-08-10 12:50:47 --> A non-numeric value encountered
in APPPATH\Models\AlunosModel.php on line 31.
 1 APPPATH\Models\AlunosModel.php(31): CodeIgniter\Debug\Exceptions->errorHandler(2, 'A non-numeric value encountered', 'APPPATH\\Models\\AlunosModel.php', 31, [...])
 2 APPPATH\Controllers\Alunos.php(29): App\Models\AlunosModel->getParametro('3')
 3 SYSTEMPATH\CodeIgniter.php(898): App\Controllers\Alunos->taisAlunos('3')
 4 SYSTEMPATH\CodeIgniter.php(457): CodeIgniter\CodeIgniter->runController(Object(App\Controllers\Alunos))
 5 SYSTEMPATH\CodeIgniter.php(340): CodeIgniter\CodeIgniter->handleRequest(null, Object(Config\Cache), false)
 6 FCPATH\index.php(67): CodeIgniter\CodeIgniter->run()
 7 SYSTEMPATH\Commands\Server\rewrite.php(43): require_once('FCPATH\\index.php')
CRITICAL - 2022-08-10 12:50:50 --> A non-numeric value encountered
in APPPATH\Models\AlunosModel.php on line 31.
 1 APPPATH\Models\AlunosModel.php(31): CodeIgniter\Debug\Exceptions->errorHandler(2, 'A non-numeric value encountered', 'APPPATH\\Models\\AlunosModel.php', 31, [...])
 2 APPPATH\Controllers\Alunos.php(29): App\Models\AlunosModel->getParametro('2')
 3 SYSTEMPATH\CodeIgniter.php(898): App\Controllers\Alunos->taisAlunos('2')
 4 SYSTEMPATH\CodeIgniter.php(457): CodeIgniter\CodeIgniter->runController(Object(App\Controllers\Alunos))
 5 SYSTEMPATH\CodeIgniter.php(340): CodeIgniter\CodeIgniter->handleRequest(null, Object(Config\Cache), false)
 6 FCPATH\index.php(67): CodeIgniter\CodeIgniter->run()
 7 SYSTEMPATH\Commands\Server\rewrite.php(43): require_once('FCPATH\\index.php')
CRITICAL - 2022-08-10 12:51:26 --> A non-numeric value encountered
in APPPATH\Models\AlunosModel.php on line 31.
 1 APPPATH\Models\AlunosModel.php(31): CodeIgniter\Debug\Exceptions->errorHandler(2, 'A non-numeric value encountered', 'APPPATH\\Models\\AlunosModel.php', 31, [...])
 2 APPPATH\Controllers\Alunos.php(29): App\Models\AlunosModel->getParametro('2')
 3 SYSTEMPATH\CodeIgniter.php(898): App\Controllers\Alunos->taisAlunos('2')
 4 SYSTEMPATH\CodeIgniter.php(457): CodeIgniter\CodeIgniter->runController(Object(App\Controllers\Alunos))
 5 SYSTEMPATH\CodeIgniter.php(340): CodeIgniter\CodeIgniter->handleRequest(null, Object(Config\Cache), false)
 6 FCPATH\index.php(67): CodeIgniter\CodeIgniter->run()
 7 SYSTEMPATH\Commands\Server\rewrite.php(43): require_once('FCPATH\\index.php')
CRITICAL - 2022-08-10 12:51:34 --> Unsupported operand types
in APPPATH\Models\AlunosModel.php on line 31.
 1 APPPATH\Controllers\Alunos.php(29): App\Models\AlunosModel->getParametro('2')
 2 SYSTEMPATH\CodeIgniter.php(898): App\Controllers\Alunos->taisAlunos('2')
 3 SYSTEMPATH\CodeIgniter.php(457): CodeIgniter\CodeIgniter->runController(Object(App\Controllers\Alunos))
 4 SYSTEMPATH\CodeIgniter.php(340): CodeIgniter\CodeIgniter->handleRequest(null, Object(Config\Cache), false)
 5 FCPATH\index.php(67): CodeIgniter\CodeIgniter->run()
 6 SYSTEMPATH\Commands\Server\rewrite.php(43): require_once('FCPATH\\index.php')
CRITICAL - 2022-08-10 12:51:35 --> Unsupported operand types
in APPPATH\Models\AlunosModel.php on line 31.
 1 APPPATH\Controllers\Alunos.php(29): App\Models\AlunosModel->getParametro('2')
 2 SYSTEMPATH\CodeIgniter.php(898): App\Controllers\Alunos->taisAlunos('2')
 3 SYSTEMPATH\CodeIgniter.php(457): CodeIgniter\CodeIgniter->runController(Object(App\Controllers\Alunos))
 4 SYSTEMPATH\CodeIgniter.php(340): CodeIgniter\CodeIgniter->handleRequest(null, Object(Config\Cache), false)
 5 FCPATH\index.php(67): CodeIgniter\CodeIgniter->run()
 6 SYSTEMPATH\Commands\Server\rewrite.php(43): require_once('FCPATH\\index.php')
CRITICAL - 2022-08-10 12:51:35 --> Unsupported operand types
in APPPATH\Models\AlunosModel.php on line 31.
 1 APPPATH\Controllers\Alunos.php(29): App\Models\AlunosModel->getParametro('2')
 2 SYSTEMPATH\CodeIgniter.php(898): App\Controllers\Alunos->taisAlunos('2')
 3 SYSTEMPATH\CodeIgniter.php(457): CodeIgniter\CodeIgniter->runController(Object(App\Controllers\Alunos))
 4 SYSTEMPATH\CodeIgniter.php(340): CodeIgniter\CodeIgniter->handleRequest(null, Object(Config\Cache), false)
 5 FCPATH\index.php(67): CodeIgniter\CodeIgniter->run()
 6 SYSTEMPATH\Commands\Server\rewrite.php(43): require_once('FCPATH\\index.php')
CRITICAL - 2022-08-10 12:52:33 --> Unsupported operand types
in APPPATH\Models\AlunosModel.php on line 31.
 1 APPPATH\Controllers\Alunos.php(29): App\Models\AlunosModel->getParametro('2')
 2 SYSTEMPATH\CodeIgniter.php(898): App\Controllers\Alunos->taisAlunos('2')
 3 SYSTEMPATH\CodeIgniter.php(457): CodeIgniter\CodeIgniter->runController(Object(App\Controllers\Alunos))
 4 SYSTEMPATH\CodeIgniter.php(340): CodeIgniter\CodeIgniter->handleRequest(null, Object(Config\Cache), false)
 5 FCPATH\index.php(67): CodeIgniter\CodeIgniter->run()
 6 SYSTEMPATH\Commands\Server\rewrite.php(43): require_once('FCPATH\\index.php')
CRITICAL - 2022-08-10 12:52:34 --> Unsupported operand types
in APPPATH\Models\AlunosModel.php on line 31.
 1 APPPATH\Controllers\Alunos.php(29): App\Models\AlunosModel->getParametro('2')
 2 SYSTEMPATH\CodeIgniter.php(898): App\Controllers\Alunos->taisAlunos('2')
 3 SYSTEMPATH\CodeIgniter.php(457): CodeIgniter\CodeIgniter->runController(Object(App\Controllers\Alunos))
 4 SYSTEMPATH\CodeIgniter.php(340): CodeIgniter\CodeIgniter->handleRequest(null, Object(Config\Cache), false)
 5 FCPATH\index.php(67): CodeIgniter\CodeIgniter->run()
 6 SYSTEMPATH\Commands\Server\rewrite.php(43): require_once('FCPATH\\index.php')
CRITICAL - 2022-08-10 12:52:34 --> Unsupported operand types
in APPPATH\Models\AlunosModel.php on line 31.
 1 APPPATH\Controllers\Alunos.php(29): App\Models\AlunosModel->getParametro('2')
 2 SYSTEMPATH\CodeIgniter.php(898): App\Controllers\Alunos->taisAlunos('2')
 3 SYSTEMPATH\CodeIgniter.php(457): CodeIgniter\CodeIgniter->runController(Object(App\Controllers\Alunos))
 4 SYSTEMPATH\CodeIgniter.php(340): CodeIgniter\CodeIgniter->handleRequest(null, Object(Config\Cache), false)
 5 FCPATH\index.php(67): CodeIgniter\CodeIgniter->run()
 6 SYSTEMPATH\Commands\Server\rewrite.php(43): require_once('FCPATH\\index.php')
CRITICAL - 2022-08-10 12:52:41 --> Unsupported operand types
in APPPATH\Models\AlunosModel.php on line 31.
 1 APPPATH\Controllers\Alunos.php(29): App\Models\AlunosModel->getParametro('4')
 2 SYSTEMPATH\CodeIgniter.php(898): App\Controllers\Alunos->taisAlunos('4')
 3 SYSTEMPATH\CodeIgniter.php(457): CodeIgniter\CodeIgniter->runController(Object(App\Controllers\Alunos))
 4 SYSTEMPATH\CodeIgniter.php(340): CodeIgniter\CodeIgniter->handleRequest(null, Object(Config\Cache), false)
 5 FCPATH\index.php(67): CodeIgniter\CodeIgniter->run()
 6 SYSTEMPATH\Commands\Server\rewrite.php(43): require_once('FCPATH\\index.php')
CRITICAL - 2022-08-10 12:54:13 --> Unsupported operand types
in APPPATH\Models\AlunosModel.php on line 31.
 1 APPPATH\Controllers\Alunos.php(29): App\Models\AlunosModel->getParametro('4')
 2 SYSTEMPATH\CodeIgniter.php(898): App\Controllers\Alunos->taisAlunos('4')
 3 SYSTEMPATH\CodeIgniter.php(457): CodeIgniter\CodeIgniter->runController(Object(App\Controllers\Alunos))
 4 SYSTEMPATH\CodeIgniter.php(340): CodeIgniter\CodeIgniter->handleRequest(null, Object(Config\Cache), false)
 5 FCPATH\index.php(67): CodeIgniter\CodeIgniter->run()
 6 SYSTEMPATH\Commands\Server\rewrite.php(43): require_once('FCPATH\\index.php')
CRITICAL - 2022-08-10 12:54:14 --> Unsupported operand types
in APPPATH\Models\AlunosModel.php on line 31.
 1 APPPATH\Controllers\Alunos.php(29): App\Models\AlunosModel->getParametro('4')
 2 SYSTEMPATH\CodeIgniter.php(898): App\Controllers\Alunos->taisAlunos('4')
 3 SYSTEMPATH\CodeIgniter.php(457): CodeIgniter\CodeIgniter->runController(Object(App\Controllers\Alunos))
 4 SYSTEMPATH\CodeIgniter.php(340): CodeIgniter\CodeIgniter->handleRequest(null, Object(Config\Cache), false)
 5 FCPATH\index.php(67): CodeIgniter\CodeIgniter->run()
 6 SYSTEMPATH\Commands\Server\rewrite.php(43): require_once('FCPATH\\index.php')
CRITICAL - 2022-08-10 12:54:14 --> Unsupported operand types
in APPPATH\Models\AlunosModel.php on line 31.
 1 APPPATH\Controllers\Alunos.php(29): App\Models\AlunosModel->getParametro('4')
 2 SYSTEMPATH\CodeIgniter.php(898): App\Controllers\Alunos->taisAlunos('4')
 3 SYSTEMPATH\CodeIgniter.php(457): CodeIgniter\CodeIgniter->runController(Object(App\Controllers\Alunos))
 4 SYSTEMPATH\CodeIgniter.php(340): CodeIgniter\CodeIgniter->handleRequest(null, Object(Config\Cache), false)
 5 FCPATH\index.php(67): CodeIgniter\CodeIgniter->run()
 6 SYSTEMPATH\Commands\Server\rewrite.php(43): require_once('FCPATH\\index.php')
CRITICAL - 2022-08-10 12:54:14 --> Unsupported operand types
in APPPATH\Models\AlunosModel.php on line 31.
 1 APPPATH\Controllers\Alunos.php(29): App\Models\AlunosModel->getParametro('4')
 2 SYSTEMPATH\CodeIgniter.php(898): App\Controllers\Alunos->taisAlunos('4')
 3 SYSTEMPATH\CodeIgniter.php(457): CodeIgniter\CodeIgniter->runController(Object(App\Controllers\Alunos))
 4 SYSTEMPATH\CodeIgniter.php(340): CodeIgniter\CodeIgniter->handleRequest(null, Object(Config\Cache), false)
 5 FCPATH\index.php(67): CodeIgniter\CodeIgniter->run()
 6 SYSTEMPATH\Commands\Server\rewrite.php(43): require_once('FCPATH\\index.php')
CRITICAL - 2022-08-10 12:54:14 --> Unsupported operand types
in APPPATH\Models\AlunosModel.php on line 31.
 1 APPPATH\Controllers\Alunos.php(29): App\Models\AlunosModel->getParametro('4')
 2 SYSTEMPATH\CodeIgniter.php(898): App\Controllers\Alunos->taisAlunos('4')
 3 SYSTEMPATH\CodeIgniter.php(457): CodeIgniter\CodeIgniter->runController(Object(App\Controllers\Alunos))
 4 SYSTEMPATH\CodeIgniter.php(340): CodeIgniter\CodeIgniter->handleRequest(null, Object(Config\Cache), false)
 5 FCPATH\index.php(67): CodeIgniter\CodeIgniter->run()
 6 SYSTEMPATH\Commands\Server\rewrite.php(43): require_once('FCPATH\\index.php')
CRITICAL - 2022-08-10 12:58:56 --> Call to undefined method CodeIgniter\Database\MySQLi\Connection::limit()
in APPPATH\Models\AlunosModel.php on line 29.
 1 APPPATH\Controllers\Alunos.php(29): App\Models\AlunosModel->getParametro('2')
 2 SYSTEMPATH\CodeIgniter.php(898): App\Controllers\Alunos->taisAlunos('2')
 3 SYSTEMPATH\CodeIgniter.php(457): CodeIgniter\CodeIgniter->runController(Object(App\Controllers\Alunos))
 4 SYSTEMPATH\CodeIgniter.php(340): CodeIgniter\CodeIgniter->handleRequest(null, Object(Config\Cache), false)
 5 FCPATH\index.php(67): CodeIgniter\CodeIgniter->run()
 6 SYSTEMPATH\Commands\Server\rewrite.php(43): require_once('FCPATH\\index.php')
CRITICAL - 2022-08-10 12:59:32 --> Call to undefined method CodeIgniter\Database\MySQLi\Connection::limit()
in APPPATH\Models\AlunosModel.php on line 29.
 1 APPPATH\Controllers\Alunos.php(29): App\Models\AlunosModel->getParametro('2')
 2 SYSTEMPATH\CodeIgniter.php(898): App\Controllers\Alunos->taisAlunos('2')
 3 SYSTEMPATH\CodeIgniter.php(457): CodeIgniter\CodeIgniter->runController(Object(App\Controllers\Alunos))
 4 SYSTEMPATH\CodeIgniter.php(340): CodeIgniter\CodeIgniter->handleRequest(null, Object(Config\Cache), false)
 5 FCPATH\index.php(67): CodeIgniter\CodeIgniter->run()
 6 SYSTEMPATH\Commands\Server\rewrite.php(43): require_once('FCPATH\\index.php')
CRITICAL - 2022-08-10 12:59:32 --> Call to undefined method CodeIgniter\Database\MySQLi\Connection::limit()
in APPPATH\Models\AlunosModel.php on line 29.
 1 APPPATH\Controllers\Alunos.php(29): App\Models\AlunosModel->getParametro('2')
 2 SYSTEMPATH\CodeIgniter.php(898): App\Controllers\Alunos->taisAlunos('2')
 3 SYSTEMPATH\CodeIgniter.php(457): CodeIgniter\CodeIgniter->runController(Object(App\Controllers\Alunos))
 4 SYSTEMPATH\CodeIgniter.php(340): CodeIgniter\CodeIgniter->handleRequest(null, Object(Config\Cache), false)
 5 FCPATH\index.php(67): CodeIgniter\CodeIgniter->run()
 6 SYSTEMPATH\Commands\Server\rewrite.php(43): require_once('FCPATH\\index.php')
CRITICAL - 2022-08-10 12:59:32 --> Call to undefined method CodeIgniter\Database\MySQLi\Connection::limit()
in APPPATH\Models\AlunosModel.php on line 29.
 1 APPPATH\Controllers\Alunos.php(29): App\Models\AlunosModel->getParametro('2')
 2 SYSTEMPATH\CodeIgniter.php(898): App\Controllers\Alunos->taisAlunos('2')
 3 SYSTEMPATH\CodeIgniter.php(457): CodeIgniter\CodeIgniter->runController(Object(App\Controllers\Alunos))
 4 SYSTEMPATH\CodeIgniter.php(340): CodeIgniter\CodeIgniter->handleRequest(null, Object(Config\Cache), false)
 5 FCPATH\index.php(67): CodeIgniter\CodeIgniter->run()
 6 SYSTEMPATH\Commands\Server\rewrite.php(43): require_once('FCPATH\\index.php')
CRITICAL - 2022-08-10 12:59:32 --> Call to undefined method CodeIgniter\Database\MySQLi\Connection::limit()
in APPPATH\Models\AlunosModel.php on line 29.
 1 APPPATH\Controllers\Alunos.php(29): App\Models\AlunosModel->getParametro('2')
 2 SYSTEMPATH\CodeIgniter.php(898): App\Controllers\Alunos->taisAlunos('2')
 3 SYSTEMPATH\CodeIgniter.php(457): CodeIgniter\CodeIgniter->runController(Object(App\Controllers\Alunos))
 4 SYSTEMPATH\CodeIgniter.php(340): CodeIgniter\CodeIgniter->handleRequest(null, Object(Config\Cache), false)
 5 FCPATH\index.php(67): CodeIgniter\CodeIgniter->run()
 6 SYSTEMPATH\Commands\Server\rewrite.php(43): require_once('FCPATH\\index.php')
CRITICAL - 2022-08-10 12:59:33 --> Call to undefined method CodeIgniter\Database\MySQLi\Connection::limit()
in APPPATH\Models\AlunosModel.php on line 29.
 1 APPPATH\Controllers\Alunos.php(29): App\Models\AlunosModel->getParametro('2')
 2 SYSTEMPATH\CodeIgniter.php(898): App\Controllers\Alunos->taisAlunos('2')
 3 SYSTEMPATH\CodeIgniter.php(457): CodeIgniter\CodeIgniter->runController(Object(App\Controllers\Alunos))
 4 SYSTEMPATH\CodeIgniter.php(340): CodeIgniter\CodeIgniter->handleRequest(null, Object(Config\Cache), false)
 5 FCPATH\index.php(67): CodeIgniter\CodeIgniter->run()
 6 SYSTEMPATH\Commands\Server\rewrite.php(43): require_once('FCPATH\\index.php')
CRITICAL - 2022-08-10 12:59:33 --> Call to undefined method CodeIgniter\Database\MySQLi\Connection::limit()
in APPPATH\Models\AlunosModel.php on line 29.
 1 APPPATH\Controllers\Alunos.php(29): App\Models\AlunosModel->getParametro('2')
 2 SYSTEMPATH\CodeIgniter.php(898): App\Controllers\Alunos->taisAlunos('2')
 3 SYSTEMPATH\CodeIgniter.php(457): CodeIgniter\CodeIgniter->runController(Object(App\Controllers\Alunos))
 4 SYSTEMPATH\CodeIgniter.php(340): CodeIgniter\CodeIgniter->handleRequest(null, Object(Config\Cache), false)
 5 FCPATH\index.php(67): CodeIgniter\CodeIgniter->run()
 6 SYSTEMPATH\Commands\Server\rewrite.php(43): require_once('FCPATH\\index.php')
CRITICAL - 2022-08-10 12:59:33 --> Call to undefined method CodeIgniter\Database\MySQLi\Connection::limit()
in APPPATH\Models\AlunosModel.php on line 29.
 1 APPPATH\Controllers\Alunos.php(29): App\Models\AlunosModel->getParametro('2')
 2 SYSTEMPATH\CodeIgniter.php(898): App\Controllers\Alunos->taisAlunos('2')
 3 SYSTEMPATH\CodeIgniter.php(457): CodeIgniter\CodeIgniter->runController(Object(App\Controllers\Alunos))
 4 SYSTEMPATH\CodeIgniter.php(340): CodeIgniter\CodeIgniter->handleRequest(null, Object(Config\Cache), false)
 5 FCPATH\index.php(67): CodeIgniter\CodeIgniter->run()
 6 SYSTEMPATH\Commands\Server\rewrite.php(43): require_once('FCPATH\\index.php')
CRITICAL - 2022-08-10 12:59:33 --> Call to undefined method CodeIgniter\Database\MySQLi\Connection::limit()
in APPPATH\Models\AlunosModel.php on line 29.
 1 APPPATH\Controllers\Alunos.php(29): App\Models\AlunosModel->getParametro('2')
 2 SYSTEMPATH\CodeIgniter.php(898): App\Controllers\Alunos->taisAlunos('2')
 3 SYSTEMPATH\CodeIgniter.php(457): CodeIgniter\CodeIgniter->runController(Object(App\Controllers\Alunos))
 4 SYSTEMPATH\CodeIgniter.php(340): CodeIgniter\CodeIgniter->handleRequest(null, Object(Config\Cache), false)
 5 FCPATH\index.php(67): CodeIgniter\CodeIgniter->run()
 6 SYSTEMPATH\Commands\Server\rewrite.php(43): require_once('FCPATH\\index.php')
CRITICAL - 2022-08-10 12:59:33 --> Call to undefined method CodeIgniter\Database\MySQLi\Connection::limit()
in APPPATH\Models\AlunosModel.php on line 29.
 1 APPPATH\Controllers\Alunos.php(29): App\Models\AlunosModel->getParametro('2')
 2 SYSTEMPATH\CodeIgniter.php(898): App\Controllers\Alunos->taisAlunos('2')
 3 SYSTEMPATH\CodeIgniter.php(457): CodeIgniter\CodeIgniter->runController(Object(App\Controllers\Alunos))
 4 SYSTEMPATH\CodeIgniter.php(340): CodeIgniter\CodeIgniter->handleRequest(null, Object(Config\Cache), false)
 5 FCPATH\index.php(67): CodeIgniter\CodeIgniter->run()
 6 SYSTEMPATH\Commands\Server\rewrite.php(43): require_once('FCPATH\\index.php')
CRITICAL - 2022-08-10 12:59:34 --> Call to undefined method CodeIgniter\Database\MySQLi\Connection::limit()
in APPPATH\Models\AlunosModel.php on line 29.
 1 APPPATH\Controllers\Alunos.php(29): App\Models\AlunosModel->getParametro('2')
 2 SYSTEMPATH\CodeIgniter.php(898): App\Controllers\Alunos->taisAlunos('2')
 3 SYSTEMPATH\CodeIgniter.php(457): CodeIgniter\CodeIgniter->runController(Object(App\Controllers\Alunos))
 4 SYSTEMPATH\CodeIgniter.php(340): CodeIgniter\CodeIgniter->handleRequest(null, Object(Config\Cache), false)
 5 FCPATH\index.php(67): CodeIgniter\CodeIgniter->run()
 6 SYSTEMPATH\Commands\Server\rewrite.php(43): require_once('FCPATH\\index.php')
CRITICAL - 2022-08-10 12:59:34 --> Call to undefined method CodeIgniter\Database\MySQLi\Connection::limit()
in APPPATH\Models\AlunosModel.php on line 29.
 1 APPPATH\Controllers\Alunos.php(29): App\Models\AlunosModel->getParametro('2')
 2 SYSTEMPATH\CodeIgniter.php(898): App\Controllers\Alunos->taisAlunos('2')
 3 SYSTEMPATH\CodeIgniter.php(457): CodeIgniter\CodeIgniter->runController(Object(App\Controllers\Alunos))
 4 SYSTEMPATH\CodeIgniter.php(340): CodeIgniter\CodeIgniter->handleRequest(null, Object(Config\Cache), false)
 5 FCPATH\index.php(67): CodeIgniter\CodeIgniter->run()
 6 SYSTEMPATH\Commands\Server\rewrite.php(43): require_once('FCPATH\\index.php')
CRITICAL - 2022-08-10 12:59:47 --> Call to undefined method CodeIgniter\Database\MySQLi\Connection::limit()
in APPPATH\Models\AlunosModel.php on line 29.
 1 APPPATH\Controllers\Alunos.php(29): App\Models\AlunosModel->getParametro('2')
 2 SYSTEMPATH\CodeIgniter.php(898): App\Controllers\Alunos->taisAlunos('2')
 3 SYSTEMPATH\CodeIgniter.php(457): CodeIgniter\CodeIgniter->runController(Object(App\Controllers\Alunos))
 4 SYSTEMPATH\CodeIgniter.php(340): CodeIgniter\CodeIgniter->handleRequest(null, Object(Config\Cache), false)
 5 FCPATH\index.php(67): CodeIgniter\CodeIgniter->run()
 6 SYSTEMPATH\Commands\Server\rewrite.php(43): require_once('FCPATH\\index.php')
CRITICAL - 2022-08-10 12:59:47 --> Call to undefined method CodeIgniter\Database\MySQLi\Connection::limit()
in APPPATH\Models\AlunosModel.php on line 29.
 1 APPPATH\Controllers\Alunos.php(29): App\Models\AlunosModel->getParametro('2')
 2 SYSTEMPATH\CodeIgniter.php(898): App\Controllers\Alunos->taisAlunos('2')
 3 SYSTEMPATH\CodeIgniter.php(457): CodeIgniter\CodeIgniter->runController(Object(App\Controllers\Alunos))
 4 SYSTEMPATH\CodeIgniter.php(340): CodeIgniter\CodeIgniter->handleRequest(null, Object(Config\Cache), false)
 5 FCPATH\index.php(67): CodeIgniter\CodeIgniter->run()
 6 SYSTEMPATH\Commands\Server\rewrite.php(43): require_once('FCPATH\\index.php')
CRITICAL - 2022-08-10 13:04:20 --> Call to undefined method CodeIgniter\Database\MySQLi\Connection::limit()
in APPPATH\Models\AlunosModel.php on line 29.
 1 APPPATH\Controllers\Alunos.php(29): App\Models\AlunosModel->getParametro('2')
 2 SYSTEMPATH\CodeIgniter.php(898): App\Controllers\Alunos->taisAlunos('2')
 3 SYSTEMPATH\CodeIgniter.php(457): CodeIgniter\CodeIgniter->runController(Object(App\Controllers\Alunos))
 4 SYSTEMPATH\CodeIgniter.php(340): CodeIgniter\CodeIgniter->handleRequest(null, Object(Config\Cache), false)
 5 FCPATH\index.php(67): CodeIgniter\CodeIgniter->run()
 6 SYSTEMPATH\Commands\Server\rewrite.php(43): require_once('FCPATH\\index.php')
CRITICAL - 2022-08-10 13:05:25 --> Call to undefined method CodeIgniter\Database\MySQLi\Connection::limit()
in APPPATH\Models\AlunosModel.php on line 29.
 1 APPPATH\Controllers\Alunos.php(29): App\Models\AlunosModel->getParametro('2')
 2 SYSTEMPATH\CodeIgniter.php(898): App\Controllers\Alunos->taisAlunos('2')
 3 SYSTEMPATH\CodeIgniter.php(457): CodeIgniter\CodeIgniter->runController(Object(App\Controllers\Alunos))
 4 SYSTEMPATH\CodeIgniter.php(340): CodeIgniter\CodeIgniter->handleRequest(null, Object(Config\Cache), false)
 5 FCPATH\index.php(67): CodeIgniter\CodeIgniter->run()
 6 SYSTEMPATH\Commands\Server\rewrite.php(43): require_once('FCPATH\\index.php')
CRITICAL - 2022-08-10 13:05:41 --> Call to undefined method CodeIgniter\Database\MySQLi\Connection::limit()
in APPPATH\Models\AlunosModel.php on line 29.
 1 APPPATH\Controllers\Alunos.php(29): App\Models\AlunosModel->getParametro('2')
 2 SYSTEMPATH\CodeIgniter.php(898): App\Controllers\Alunos->taisAlunos('2')
 3 SYSTEMPATH\CodeIgniter.php(457): CodeIgniter\CodeIgniter->runController(Object(App\Controllers\Alunos))
 4 SYSTEMPATH\CodeIgniter.php(340): CodeIgniter\CodeIgniter->handleRequest(null, Object(Config\Cache), false)
 5 FCPATH\index.php(67): CodeIgniter\CodeIgniter->run()
 6 SYSTEMPATH\Commands\Server\rewrite.php(43): require_once('FCPATH\\index.php')
CRITICAL - 2022-08-10 13:06:48 --> Call to undefined method CodeIgniter\Database\MySQLi\Connection::limit()
in APPPATH\Models\AlunosModel.php on line 29.
 1 APPPATH\Controllers\Alunos.php(29): App\Models\AlunosModel->getParametro('2')
 2 SYSTEMPATH\CodeIgniter.php(898): App\Controllers\Alunos->taisAlunos('2')
 3 SYSTEMPATH\CodeIgniter.php(457): CodeIgniter\CodeIgniter->runController(Object(App\Controllers\Alunos))
 4 SYSTEMPATH\CodeIgniter.php(340): CodeIgniter\CodeIgniter->handleRequest(null, Object(Config\Cache), false)
 5 FCPATH\index.php(67): CodeIgniter\CodeIgniter->run()
 6 SYSTEMPATH\Commands\Server\rewrite.php(43): require_once('FCPATH\\index.php')
CRITICAL - 2022-08-10 13:06:49 --> Call to undefined method CodeIgniter\Database\MySQLi\Connection::limit()
in APPPATH\Models\AlunosModel.php on line 29.
 1 APPPATH\Controllers\Alunos.php(29): App\Models\AlunosModel->getParametro('2')
 2 SYSTEMPATH\CodeIgniter.php(898): App\Controllers\Alunos->taisAlunos('2')
 3 SYSTEMPATH\CodeIgniter.php(457): CodeIgniter\CodeIgniter->runController(Object(App\Controllers\Alunos))
 4 SYSTEMPATH\CodeIgniter.php(340): CodeIgniter\CodeIgniter->handleRequest(null, Object(Config\Cache), false)
 5 FCPATH\index.php(67): CodeIgniter\CodeIgniter->run()
 6 SYSTEMPATH\Commands\Server\rewrite.php(43): require_once('FCPATH\\index.php')
CRITICAL - 2022-08-10 13:06:49 --> Call to undefined method CodeIgniter\Database\MySQLi\Connection::limit()
in APPPATH\Models\AlunosModel.php on line 29.
 1 APPPATH\Controllers\Alunos.php(29): App\Models\AlunosModel->getParametro('2')
 2 SYSTEMPATH\CodeIgniter.php(898): App\Controllers\Alunos->taisAlunos('2')
 3 SYSTEMPATH\CodeIgniter.php(457): CodeIgniter\CodeIgniter->runController(Object(App\Controllers\Alunos))
 4 SYSTEMPATH\CodeIgniter.php(340): CodeIgniter\CodeIgniter->handleRequest(null, Object(Config\Cache), false)
 5 FCPATH\index.php(67): CodeIgniter\CodeIgniter->run()
 6 SYSTEMPATH\Commands\Server\rewrite.php(43): require_once('FCPATH\\index.php')
CRITICAL - 2022-08-10 13:06:49 --> Call to undefined method CodeIgniter\Database\MySQLi\Connection::limit()
in APPPATH\Models\AlunosModel.php on line 29.
 1 APPPATH\Controllers\Alunos.php(29): App\Models\AlunosModel->getParametro('2')
 2 SYSTEMPATH\CodeIgniter.php(898): App\Controllers\Alunos->taisAlunos('2')
 3 SYSTEMPATH\CodeIgniter.php(457): CodeIgniter\CodeIgniter->runController(Object(App\Controllers\Alunos))
 4 SYSTEMPATH\CodeIgniter.php(340): CodeIgniter\CodeIgniter->handleRequest(null, Object(Config\Cache), false)
 5 FCPATH\index.php(67): CodeIgniter\CodeIgniter->run()
 6 SYSTEMPATH\Commands\Server\rewrite.php(43): require_once('FCPATH\\index.php')
CRITICAL - 2022-08-10 13:07:29 --> Call to undefined method CodeIgniter\Database\MySQLi\Connection::first()
in APPPATH\Models\AlunosModel.php on line 29.
 1 APPPATH\Controllers\Alunos.php(29): App\Models\AlunosModel->getParametro('2')
 2 SYSTEMPATH\CodeIgniter.php(898): App\Controllers\Alunos->taisAlunos('2')
 3 SYSTEMPATH\CodeIgniter.php(457): CodeIgniter\CodeIgniter->runController(Object(App\Controllers\Alunos))
 4 SYSTEMPATH\CodeIgniter.php(340): CodeIgniter\CodeIgniter->handleRequest(null, Object(Config\Cache), false)
 5 FCPATH\index.php(67): CodeIgniter\CodeIgniter->run()
 6 SYSTEMPATH\Commands\Server\rewrite.php(43): require_once('FCPATH\\index.php')
CRITICAL - 2022-08-10 13:07:30 --> Call to undefined method CodeIgniter\Database\MySQLi\Connection::first()
in APPPATH\Models\AlunosModel.php on line 29.
 1 APPPATH\Controllers\Alunos.php(29): App\Models\AlunosModel->getParametro('2')
 2 SYSTEMPATH\CodeIgniter.php(898): App\Controllers\Alunos->taisAlunos('2')
 3 SYSTEMPATH\CodeIgniter.php(457): CodeIgniter\CodeIgniter->runController(Object(App\Controllers\Alunos))
 4 SYSTEMPATH\CodeIgniter.php(340): CodeIgniter\CodeIgniter->handleRequest(null, Object(Config\Cache), false)
 5 FCPATH\index.php(67): CodeIgniter\CodeIgniter->run()
 6 SYSTEMPATH\Commands\Server\rewrite.php(43): require_once('FCPATH\\index.php')
CRITICAL - 2022-08-10 13:07:43 --> Call to undefined method CodeIgniter\Database\MySQLi\Connection::first()
in APPPATH\Models\AlunosModel.php on line 29.
 1 APPPATH\Controllers\Alunos.php(29): App\Models\AlunosModel->getParametro('2')
 2 SYSTEMPATH\CodeIgniter.php(898): App\Controllers\Alunos->taisAlunos('2')
 3 SYSTEMPATH\CodeIgniter.php(457): CodeIgniter\CodeIgniter->runController(Object(App\Controllers\Alunos))
 4 SYSTEMPATH\CodeIgniter.php(340): CodeIgniter\CodeIgniter->handleRequest(null, Object(Config\Cache), false)
 5 FCPATH\index.php(67): CodeIgniter\CodeIgniter->run()
 6 SYSTEMPATH\Commands\Server\rewrite.php(43): require_once('FCPATH\\index.php')
