ERROR - 2022-08-17 11:40:14 --> Error connecting to the database: mysqli_sql_exception: Unknown database 'api_db' in C:\wamp64\www\API-Alunos-CodeIgniter\system\Database\MySQLi\Connection.php:171
Stack trace:
#0 C:\wamp64\www\API-Alunos-CodeIgniter\system\Database\MySQLi\Connection.php(171): mysqli->real_connect('localhost', 'root', '', 'api_db', 3306, '', 0)
#1 C:\wamp64\www\API-Alunos-CodeIgniter\system\Database\BaseConnection.php(382): CodeIgniter\Database\MySQLi\Connection->connect(false)
#2 C:\wamp64\www\API-Alunos-CodeIgniter\system\Database\BaseConnection.php(588): CodeIgniter\Database\BaseConnection->initialize()
#3 C:\wamp64\www\API-Alunos-CodeIgniter\system\Database\BaseConnection.php(1380): CodeIgniter\Database\BaseConnection->query('SHOW TABLES FRO...')
#4 C:\wamp64\www\API-Alunos-CodeIgniter\system\Database\BaseConnection.php(1411): CodeIgniter\Database\BaseConnection->listTables()
#5 C:\wamp64\www\API-Alunos-CodeIgniter\system\Database\MigrationRunner.php(759): CodeIgniter\Database\BaseConnection->tableExists('migrations')
#6 C:\wamp64\www\API-Alunos-CodeIgniter\system\Database\MigrationRunner.php(167): CodeIgniter\Database\MigrationRunner->ensureTable()
#7 C:\wamp64\www\API-Alunos-CodeIgniter\system\Commands\Database\Migrate.php(84): CodeIgniter\Database\MigrationRunner->latest(NULL)
#8 C:\wamp64\www\API-Alunos-CodeIgniter\system\CLI\Commands.php(63): CodeIgniter\Commands\Database\Migrate->run(Array)
#9 C:\wamp64\www\API-Alunos-CodeIgniter\system\CLI\CommandRunner.php(65): CodeIgniter\CLI\Commands->run('migrate', Array)
#10 C:\wamp64\www\API-Alunos-CodeIgniter\system\CLI\CommandRunner.php(51): CodeIgniter\CLI\CommandRunner->index(Array)
#11 C:\wamp64\www\API-Alunos-CodeIgniter\system\CodeIgniter.php(891): CodeIgniter\CLI\CommandRunner->_remap('index', Array)
#12 C:\wamp64\www\API-Alunos-CodeIgniter\system\CodeIgniter.php(457): CodeIgniter\CodeIgniter->runController(Object(CodeIgniter\CLI\CommandRunner))
#13 C:\wamp64\www\API-Alunos-CodeIgniter\system\CodeIgniter.php(336): CodeIgniter\CodeIgniter->handleRequest(NULL, Object(Config\Cache), false)
#14 C:\wamp64\www\API-Alunos-CodeIgniter\system\CLI\Console.php(48): CodeIgniter\CodeIgniter->run()
#15 C:\wamp64\www\API-Alunos-CodeIgniter\spark(98): CodeIgniter\CLI\Console->run()
#16 {main}

Next CodeIgniter\Database\Exceptions\DatabaseException: Unknown database 'api_db' in C:\wamp64\www\API-Alunos-CodeIgniter\system\Database\MySQLi\Connection.php:215
Stack trace:
#0 C:\wamp64\www\API-Alunos-CodeIgniter\system\Database\BaseConnection.php(382): CodeIgniter\Database\MySQLi\Connection->connect(false)
#1 C:\wamp64\www\API-Alunos-CodeIgniter\system\Database\BaseConnection.php(588): CodeIgniter\Database\BaseConnection->initialize()
#2 C:\wamp64\www\API-Alunos-CodeIgniter\system\Database\BaseConnection.php(1380): CodeIgniter\Database\BaseConnection->query('SHOW TABLES FRO...')
#3 C:\wamp64\www\API-Alunos-CodeIgniter\system\Database\BaseConnection.php(1411): CodeIgniter\Database\BaseConnection->listTables()
#4 C:\wamp64\www\API-Alunos-CodeIgniter\system\Database\MigrationRunner.php(759): CodeIgniter\Database\BaseConnection->tableExists('migrations')
#5 C:\wamp64\www\API-Alunos-CodeIgniter\system\Database\MigrationRunner.php(167): CodeIgniter\Database\MigrationRunner->ensureTable()
#6 C:\wamp64\www\API-Alunos-CodeIgniter\system\Commands\Database\Migrate.php(84): CodeIgniter\Database\MigrationRunner->latest(NULL)
#7 C:\wamp64\www\API-Alunos-CodeIgniter\system\CLI\Commands.php(63): CodeIgniter\Commands\Database\Migrate->run(Array)
#8 C:\wamp64\www\API-Alunos-CodeIgniter\system\CLI\CommandRunner.php(65): CodeIgniter\CLI\Commands->run('migrate', Array)
#9 C:\wamp64\www\API-Alunos-CodeIgniter\system\CLI\CommandRunner.php(51): CodeIgniter\CLI\CommandRunner->index(Array)
#10 C:\wamp64\www\API-Alunos-CodeIgniter\system\CodeIgniter.php(891): CodeIgniter\CLI\CommandRunner->_remap('index', Array)
#11 C:\wamp64\www\API-Alunos-CodeIgniter\system\CodeIgniter.php(457): CodeIgniter\CodeIgniter->runController(Object(CodeIgniter\CLI\CommandRunner))
#12 C:\wamp64\www\API-Alunos-CodeIgniter\system\CodeIgniter.php(336): CodeIgniter\CodeIgniter->handleRequest(NULL, Object(Config\Cache), false)
#13 C:\wamp64\www\API-Alunos-CodeIgniter\system\CLI\Console.php(48): CodeIgniter\CodeIgniter->run()
#14 C:\wamp64\www\API-Alunos-CodeIgniter\spark(98): CodeIgniter\CLI\Console->run()
#15 {main}
CRITICAL - 2022-08-17 11:42:48 --> Call to undefined method CodeIgniter\Database\MySQLi\Connection::first()
in APPPATH\Models\AlunosModel.php on line 29.
 1 APPPATH\Controllers\Alunos.php(29): App\Models\AlunosModel->getParametro('2')
 2 SYSTEMPATH\CodeIgniter.php(898): App\Controllers\Alunos->taisAlunos('2')
 3 SYSTEMPATH\CodeIgniter.php(457): CodeIgniter\CodeIgniter->runController(Object(App\Controllers\Alunos))
 4 SYSTEMPATH\CodeIgniter.php(340): CodeIgniter\CodeIgniter->handleRequest(null, Object(Config\Cache), false)
 5 FCPATH\index.php(67): CodeIgniter\CodeIgniter->run()
 6 SYSTEMPATH\Commands\Server\rewrite.php(43): require_once('FCPATH\\index.php')
CRITICAL - 2022-08-17 11:44:21 --> Call to undefined method CodeIgniter\Database\MySQLi\Connection::find()
in APPPATH\Models\AlunosModel.php on line 29.
 1 APPPATH\Controllers\Alunos.php(29): App\Models\AlunosModel->getParametro('2')
 2 SYSTEMPATH\CodeIgniter.php(898): App\Controllers\Alunos->taisAlunos('2')
 3 SYSTEMPATH\CodeIgniter.php(457): CodeIgniter\CodeIgniter->runController(Object(App\Controllers\Alunos))
 4 SYSTEMPATH\CodeIgniter.php(340): CodeIgniter\CodeIgniter->handleRequest(null, Object(Config\Cache), false)
 5 FCPATH\index.php(67): CodeIgniter\CodeIgniter->run()
 6 SYSTEMPATH\Commands\Server\rewrite.php(43): require_once('FCPATH\\index.php')
CRITICAL - 2022-08-17 11:44:21 --> Call to undefined method CodeIgniter\Database\MySQLi\Connection::find()
in APPPATH\Models\AlunosModel.php on line 29.
 1 APPPATH\Controllers\Alunos.php(29): App\Models\AlunosModel->getParametro('2')
 2 SYSTEMPATH\CodeIgniter.php(898): App\Controllers\Alunos->taisAlunos('2')
 3 SYSTEMPATH\CodeIgniter.php(457): CodeIgniter\CodeIgniter->runController(Object(App\Controllers\Alunos))
 4 SYSTEMPATH\CodeIgniter.php(340): CodeIgniter\CodeIgniter->handleRequest(null, Object(Config\Cache), false)
 5 FCPATH\index.php(67): CodeIgniter\CodeIgniter->run()
 6 SYSTEMPATH\Commands\Server\rewrite.php(43): require_once('FCPATH\\index.php')
CRITICAL - 2022-08-17 11:44:21 --> Call to undefined method CodeIgniter\Database\MySQLi\Connection::find()
in APPPATH\Models\AlunosModel.php on line 29.
 1 APPPATH\Controllers\Alunos.php(29): App\Models\AlunosModel->getParametro('2')
 2 SYSTEMPATH\CodeIgniter.php(898): App\Controllers\Alunos->taisAlunos('2')
 3 SYSTEMPATH\CodeIgniter.php(457): CodeIgniter\CodeIgniter->runController(Object(App\Controllers\Alunos))
 4 SYSTEMPATH\CodeIgniter.php(340): CodeIgniter\CodeIgniter->handleRequest(null, Object(Config\Cache), false)
 5 FCPATH\index.php(67): CodeIgniter\CodeIgniter->run()
 6 SYSTEMPATH\Commands\Server\rewrite.php(43): require_once('FCPATH\\index.php')
CRITICAL - 2022-08-17 11:44:22 --> Call to undefined method CodeIgniter\Database\MySQLi\Connection::find()
in APPPATH\Models\AlunosModel.php on line 29.
 1 APPPATH\Controllers\Alunos.php(29): App\Models\AlunosModel->getParametro('2')
 2 SYSTEMPATH\CodeIgniter.php(898): App\Controllers\Alunos->taisAlunos('2')
 3 SYSTEMPATH\CodeIgniter.php(457): CodeIgniter\CodeIgniter->runController(Object(App\Controllers\Alunos))
 4 SYSTEMPATH\CodeIgniter.php(340): CodeIgniter\CodeIgniter->handleRequest(null, Object(Config\Cache), false)
 5 FCPATH\index.php(67): CodeIgniter\CodeIgniter->run()
 6 SYSTEMPATH\Commands\Server\rewrite.php(43): require_once('FCPATH\\index.php')
CRITICAL - 2022-08-17 11:44:22 --> Call to undefined method CodeIgniter\Database\MySQLi\Connection::find()
in APPPATH\Models\AlunosModel.php on line 29.
 1 APPPATH\Controllers\Alunos.php(29): App\Models\AlunosModel->getParametro('2')
 2 SYSTEMPATH\CodeIgniter.php(898): App\Controllers\Alunos->taisAlunos('2')
 3 SYSTEMPATH\CodeIgniter.php(457): CodeIgniter\CodeIgniter->runController(Object(App\Controllers\Alunos))
 4 SYSTEMPATH\CodeIgniter.php(340): CodeIgniter\CodeIgniter->handleRequest(null, Object(Config\Cache), false)
 5 FCPATH\index.php(67): CodeIgniter\CodeIgniter->run()
 6 SYSTEMPATH\Commands\Server\rewrite.php(43): require_once('FCPATH\\index.php')
CRITICAL - 2022-08-17 11:45:13 --> Call to undefined method CodeIgniter\Database\MySQLi\Connection::find()
in APPPATH\Models\AlunosModel.php on line 29.
 1 APPPATH\Controllers\Alunos.php(29): App\Models\AlunosModel->getParametro('2')
 2 SYSTEMPATH\CodeIgniter.php(898): App\Controllers\Alunos->taisAlunos('2')
 3 SYSTEMPATH\CodeIgniter.php(457): CodeIgniter\CodeIgniter->runController(Object(App\Controllers\Alunos))
 4 SYSTEMPATH\CodeIgniter.php(340): CodeIgniter\CodeIgniter->handleRequest(null, Object(Config\Cache), false)
 5 FCPATH\index.php(67): CodeIgniter\CodeIgniter->run()
 6 SYSTEMPATH\Commands\Server\rewrite.php(43): require_once('FCPATH\\index.php')
CRITICAL - 2022-08-17 11:45:14 --> Call to undefined method CodeIgniter\Database\MySQLi\Connection::find()
in APPPATH\Models\AlunosModel.php on line 29.
 1 APPPATH\Controllers\Alunos.php(29): App\Models\AlunosModel->getParametro('2')
 2 SYSTEMPATH\CodeIgniter.php(898): App\Controllers\Alunos->taisAlunos('2')
 3 SYSTEMPATH\CodeIgniter.php(457): CodeIgniter\CodeIgniter->runController(Object(App\Controllers\Alunos))
 4 SYSTEMPATH\CodeIgniter.php(340): CodeIgniter\CodeIgniter->handleRequest(null, Object(Config\Cache), false)
 5 FCPATH\index.php(67): CodeIgniter\CodeIgniter->run()
 6 SYSTEMPATH\Commands\Server\rewrite.php(43): require_once('FCPATH\\index.php')
CRITICAL - 2022-08-17 11:49:11 --> Undefined variable: id
in APPPATH\Models\AlunosModel.php on line 32.
 1 APPPATH\Models\AlunosModel.php(32): CodeIgniter\Debug\Exceptions->errorHandler(8, 'Undefined variable: id', 'APPPATH\\Models\\AlunosModel.php', 32, [...])
 2 APPPATH\Controllers\Alunos.php(29): App\Models\AlunosModel->getParametro('2')
 3 SYSTEMPATH\CodeIgniter.php(898): App\Controllers\Alunos->taisAlunos('2')
 4 SYSTEMPATH\CodeIgniter.php(457): CodeIgniter\CodeIgniter->runController(Object(App\Controllers\Alunos))
 5 SYSTEMPATH\CodeIgniter.php(340): CodeIgniter\CodeIgniter->handleRequest(null, Object(Config\Cache), false)
 6 FCPATH\index.php(67): CodeIgniter\CodeIgniter->run()
 7 SYSTEMPATH\Commands\Server\rewrite.php(43): require_once('FCPATH\\index.php')
CRITICAL - 2022-08-17 11:50:09 --> Undefined variable: id
in APPPATH\Models\AlunosModel.php on line 32.
 1 APPPATH\Models\AlunosModel.php(32): CodeIgniter\Debug\Exceptions->errorHandler(8, 'Undefined variable: id', 'APPPATH\\Models\\AlunosModel.php', 32, [...])
 2 APPPATH\Controllers\Alunos.php(29): App\Models\AlunosModel->getParametro('2')
 3 SYSTEMPATH\CodeIgniter.php(898): App\Controllers\Alunos->taisAlunos('2')
 4 SYSTEMPATH\CodeIgniter.php(457): CodeIgniter\CodeIgniter->runController(Object(App\Controllers\Alunos))
 5 SYSTEMPATH\CodeIgniter.php(340): CodeIgniter\CodeIgniter->handleRequest(null, Object(Config\Cache), false)
 6 FCPATH\index.php(67): CodeIgniter\CodeIgniter->run()
 7 SYSTEMPATH\Commands\Server\rewrite.php(43): require_once('FCPATH\\index.php')
CRITICAL - 2022-08-17 11:50:44 --> Unsupported operand types
in APPPATH\Models\AlunosModel.php on line 32.
 1 APPPATH\Controllers\Alunos.php(29): App\Models\AlunosModel->getParametro('2')
 2 SYSTEMPATH\CodeIgniter.php(898): App\Controllers\Alunos->taisAlunos('2')
 3 SYSTEMPATH\CodeIgniter.php(457): CodeIgniter\CodeIgniter->runController(Object(App\Controllers\Alunos))
 4 SYSTEMPATH\CodeIgniter.php(340): CodeIgniter\CodeIgniter->handleRequest(null, Object(Config\Cache), false)
 5 FCPATH\index.php(67): CodeIgniter\CodeIgniter->run()
 6 SYSTEMPATH\Commands\Server\rewrite.php(43): require_once('FCPATH\\index.php')
CRITICAL - 2022-08-17 11:50:45 --> Unsupported operand types
in APPPATH\Models\AlunosModel.php on line 32.
 1 APPPATH\Controllers\Alunos.php(29): App\Models\AlunosModel->getParametro('2')
 2 SYSTEMPATH\CodeIgniter.php(898): App\Controllers\Alunos->taisAlunos('2')
 3 SYSTEMPATH\CodeIgniter.php(457): CodeIgniter\CodeIgniter->runController(Object(App\Controllers\Alunos))
 4 SYSTEMPATH\CodeIgniter.php(340): CodeIgniter\CodeIgniter->handleRequest(null, Object(Config\Cache), false)
 5 FCPATH\index.php(67): CodeIgniter\CodeIgniter->run()
 6 SYSTEMPATH\Commands\Server\rewrite.php(43): require_once('FCPATH\\index.php')
CRITICAL - 2022-08-17 11:50:45 --> Unsupported operand types
in APPPATH\Models\AlunosModel.php on line 32.
 1 APPPATH\Controllers\Alunos.php(29): App\Models\AlunosModel->getParametro('2')
 2 SYSTEMPATH\CodeIgniter.php(898): App\Controllers\Alunos->taisAlunos('2')
 3 SYSTEMPATH\CodeIgniter.php(457): CodeIgniter\CodeIgniter->runController(Object(App\Controllers\Alunos))
 4 SYSTEMPATH\CodeIgniter.php(340): CodeIgniter\CodeIgniter->handleRequest(null, Object(Config\Cache), false)
 5 FCPATH\index.php(67): CodeIgniter\CodeIgniter->run()
 6 SYSTEMPATH\Commands\Server\rewrite.php(43): require_once('FCPATH\\index.php')
CRITICAL - 2022-08-17 11:50:46 --> Unsupported operand types
in APPPATH\Models\AlunosModel.php on line 32.
 1 APPPATH\Controllers\Alunos.php(29): App\Models\AlunosModel->getParametro('2')
 2 SYSTEMPATH\CodeIgniter.php(898): App\Controllers\Alunos->taisAlunos('2')
 3 SYSTEMPATH\CodeIgniter.php(457): CodeIgniter\CodeIgniter->runController(Object(App\Controllers\Alunos))
 4 SYSTEMPATH\CodeIgniter.php(340): CodeIgniter\CodeIgniter->handleRequest(null, Object(Config\Cache), false)
 5 FCPATH\index.php(67): CodeIgniter\CodeIgniter->run()
 6 SYSTEMPATH\Commands\Server\rewrite.php(43): require_once('FCPATH\\index.php')
CRITICAL - 2022-08-17 11:54:54 --> Undefined offset: 0
in APPPATH\Models\AlunosModel.php on line 32.
 1 APPPATH\Models\AlunosModel.php(32): CodeIgniter\Debug\Exceptions->errorHandler(8, 'Undefined offset: 0', 'APPPATH\\Models\\AlunosModel.php', 32, [...])
 2 APPPATH\Controllers\Alunos.php(29): App\Models\AlunosModel->getParametro('1')
 3 SYSTEMPATH\CodeIgniter.php(898): App\Controllers\Alunos->taisAlunos('1')
 4 SYSTEMPATH\CodeIgniter.php(457): CodeIgniter\CodeIgniter->runController(Object(App\Controllers\Alunos))
 5 SYSTEMPATH\CodeIgniter.php(340): CodeIgniter\CodeIgniter->handleRequest(null, Object(Config\Cache), false)
 6 FCPATH\index.php(67): CodeIgniter\CodeIgniter->run()
 7 SYSTEMPATH\Commands\Server\rewrite.php(43): require_once('FCPATH\\index.php')
